localhost - - [20/Jan/2017:19:40:57 +0800] "GET / HTTP/1.1" 200 469 "-" "Mozilla/5.0 (X11; Linux x86_64; rv:45.0) Gecko/20100101 Firefox/45.0"
localhost - - [20/Jan/2017:19:41:34 +0800] "GET /index.php HTTP/1.1" 200 469 "-" "Mozilla/5.0 (X11; Linux x86_64; rv:45.0) Gecko/20100101 Firefox/45.0"
localhost - - [20/Jan/2017:20:24:45 +0800] "GET /index.php HTTP/1.1" 200 469 "-" "Mozilla/5.0 (X11; Linux x86_64; rv:45.0) Gecko/20100101 Firefox/45.0"
localhost - - [20/Jan/2017:20:24:49 +0800] "GET /index.php HTTP/1.1" 200 469 "-" "Mozilla/5.0 (X11; Linux x86_64; rv:45.0) Gecko/20100101 Firefox/45.0"
localhost - - [20/Jan/2017:20:24:50 +0800] "GET /index.php HTTP/1.1" 200 469 "-" "Mozilla/5.0 (X11; Linux x86_64; rv:45.0) Gecko/20100101 Firefox/45.0"
localhost - - [20/Jan/2017:20:24:51 +0800] "GET /index.php HTTP/1.1" 200 469 "-" "Mozilla/5.0 (X11; Linux x86_64; rv:45.0) Gecko/20100101 Firefox/45.0"
localhost - - [20/Jan/2017:20:24:52 +0800] "GET /index.php HTTP/1.1" 200 469 "-" "Mozilla/5.0 (X11; Linux x86_64; rv:45.0) Gecko/20100101 Firefox/45.0"
localhost - - [20/Jan/2017:20:29:15 +0800] "GET /index.php HTTP/1.1" 200 469 "-" "Mozilla/5.0 (X11; Linux x86_64; rv:45.0) Gecko/20100101 Firefox/45.0"
localhost - - [20/Jan/2017:21:38:24 +0800] "GET / HTTP/1.1" 200 469 "-" "Mozilla/5.0 (X11; Linux x86_64; rv:45.0) Gecko/20100101 Firefox/45.0"
localhost - - [20/Jan/2017:21:39:28 +0800] "GET / HTTP/1.1" 200 469 "-" "Mozilla/5.0 (X11; Linux x86_64; rv:45.0) Gecko/20100101 Firefox/45.0"
localhost - - [20/Jan/2017:21:39:29 +0800] "GET / HTTP/1.1" 200 469 "-" "Mozilla/5.0 (X11; Linux x86_64; rv:45.0) Gecko/20100101 Firefox/45.0"
localhost - - [20/Jan/2017:21:39:43 +0800] "GET / HTTP/1.1" 200 469 "-" "Mozilla/5.0 (X11; Linux x86_64; rv:45.0) Gecko/20100101 Firefox/45.0"
localhost - - [20/Jan/2017:21:39:43 +0800] "GET / HTTP/1.1" 200 469 "-" "Mozilla/5.0 (X11; Linux x86_64; rv:45.0) Gecko/20100101 Firefox/45.0"
localhost - - [20/Jan/2017:21:39:50 +0800] "GET /index.php HTTP/1.1" 200 469 "-" "Mozilla/5.0 (X11; Linux x86_64; rv:45.0) Gecko/20100101 Firefox/45.0"
localhost - - [20/Jan/2017:22:13:20 +0800] "GET /index.php HTTP/1.1" 200 469 "-" "Mozilla/5.0 (X11; Linux x86_64; rv:45.0) Gecko/20100101 Firefox/45.0"
localhost - - [20/Jan/2017:22:13:23 +0800] "GET /index.php HTTP/1.1" 200 469 "-" "Mozilla/5.0 (X11; Linux x86_64; rv:45.0) Gecko/20100101 Firefox/45.0"
localhost - - [20/Jan/2017:22:13:23 +0800] "GET /index.php HTTP/1.1" 200 469 "-" "Mozilla/5.0 (X11; Linux x86_64; rv:45.0) Gecko/20100101 Firefox/45.0"
localhost - - [20/Jan/2017:23:14:56 +0800] "GET /welcome HTTP/1.1" 404 10882 "-" "Mozilla/5.0 (X11; Linux x86_64; rv:45.0) Gecko/20100101 Firefox/45.0"
localhost - - [20/Jan/2017:23:15:06 +0800] "GET / HTTP/1.1" 500 - "-" "Mozilla/5.0 (X11; Linux x86_64; rv:45.0) Gecko/20100101 Firefox/45.0"
localhost - - [20/Jan/2017:23:15:13 +0800] "GET / HTTP/1.1" 500 - "-" "Mozilla/5.0 (X11; Linux x86_64; rv:45.0) Gecko/20100101 Firefox/45.0"
localhost - - [21/Jan/2017:09:24:00 +0800] "GET / HTTP/1.1" 500 - "-" "Mozilla/5.0 (X11; Linux x86_64; rv:45.0) Gecko/20100101 Firefox/45.0"
localhost - - [21/Jan/2017:09:24:03 +0800] "GET /favicon.ico HTTP/1.1" 200 - "-" "Mozilla/5.0 (X11; Linux x86_64; rv:45.0) Gecko/20100101 Firefox/45.0"
localhost - - [21/Jan/2017:10:50:29 +0800] "GET /welcome HTTP/1.1" 404 10882 "-" "Mozilla/5.0 (X11; Linux x86_64; rv:45.0) Gecko/20100101 Firefox/45.0"
localhost - - [21/Jan/2017:10:50:43 +0800] "GET / HTTP/1.1" 500 - "-" "Mozilla/5.0 (X11; Linux x86_64; rv:45.0) Gecko/20100101 Firefox/45.0"
localhost - - [21/Jan/2017:10:50:46 +0800] "GET / HTTP/1.1" 500 - "-" "Mozilla/5.0 (X11; Linux x86_64; rv:45.0) Gecko/20100101 Firefox/45.0"
localhost - - [21/Jan/2017:10:58:53 +0800] "GET / HTTP/1.1" 500 - "-" "Mozilla/5.0 (X11; Linux x86_64; rv:45.0) Gecko/20100101 Firefox/45.0"
